<?xml version="1.0" encoding="UTF-8"?>
<coverage generated="1781333252001" clover="3.2.0">
  <project timestamp="1781333252002" name="All files">
    <metrics statements="66" coveredstatements="66" conditionals="58" coveredconditionals="58" methods="3" coveredmethods="3" elements="127" coveredelements="127" complexity="0" loc="66" ncloc="66" packages="1" files="1" classes="1"/>
    <file name="utils.js" path="D:\Challenge_3\Carbon_fooprint-1\utils.js">
      <metrics statements="66" coveredstatements="66" conditionals="58" coveredconditionals="58" methods="3" coveredmethods="3"/>
      <line num="9" count="10" type="cond" truecount="2" falsecount="0"/>
      <line num="10" count="8" type="cond" truecount="2" falsecount="0"/>
      <line num="11" count="6" type="cond" truecount="2" falsecount="0"/>
      <line num="12" count="4" type="cond" truecount="2" falsecount="0"/>
      <line num="13" count="2" type="stmt"/>
      <line num="23" count="21" type="stmt"/>
      <line num="24" count="21" type="cond" truecount="2" falsecount="0"/>
      <line num="25" count="20" type="cond" truecount="2" falsecount="0"/>
      <line num="26" count="19" type="cond" truecount="2" falsecount="0"/>
      <line num="27" count="17" type="cond" truecount="2" falsecount="0"/>
      <line num="28" count="16" type="cond" truecount="2" falsecount="0"/>
      <line num="30" count="21" type="stmt"/>
      <line num="31" count="21" type="stmt"/>
      <line num="32" count="21" type="stmt"/>
      <line num="34" count="21" type="stmt"/>
      <line num="38" count="21" type="stmt"/>
      <line num="40" count="21" type="stmt"/>
      <line num="41" count="21" type="stmt"/>
      <line num="44" count="21" type="stmt"/>
      <line num="45" count="21" type="stmt"/>
      <line num="48" count="21" type="stmt"/>
      <line num="51" count="21" type="stmt"/>
      <line num="52" count="21" type="cond" truecount="2" falsecount="0"/>
      <line num="53" count="20" type="cond" truecount="2" falsecount="0"/>
      <line num="54" count="19" type="cond" truecount="2" falsecount="0"/>
      <line num="55" count="18" type="cond" truecount="2" falsecount="0"/>
      <line num="57" count="21" type="stmt"/>
      <line num="58" count="21" type="cond" truecount="2" falsecount="0"/>
      <line num="59" count="18" type="cond" truecount="2" falsecount="0"/>
      <line num="60" count="17" type="cond" truecount="2" falsecount="0"/>
      <line num="62" count="21" type="stmt"/>
      <line num="63" count="21" type="cond" truecount="2" falsecount="0"/>
      <line num="64" count="18" type="cond" truecount="2" falsecount="0"/>
      <line num="66" count="21" type="stmt"/>
      <line num="69" count="21" type="stmt"/>
      <line num="70" count="21" type="cond" truecount="2" falsecount="0"/>
      <line num="71" count="18" type="cond" truecount="2" falsecount="0"/>
      <line num="73" count="21" type="stmt"/>
      <line num="74" count="21" type="cond" truecount="2" falsecount="0"/>
      <line num="75" count="17" type="cond" truecount="2" falsecount="0"/>
      <line num="77" count="21" type="stmt"/>
      <line num="78" count="21" type="cond" truecount="2" falsecount="0"/>
      <line num="80" count="21" type="stmt"/>
      <line num="83" count="21" type="stmt"/>
      <line num="85" count="21" type="stmt"/>
      <line num="101" count="8" type="stmt"/>
      <line num="104" count="8" type="stmt"/>
      <line num="105" count="8" type="cond" truecount="2" falsecount="0"/>
      <line num="106" count="7" type="cond" truecount="2" falsecount="0"/>
      <line num="107" count="6" type="cond" truecount="2" falsecount="0"/>
      <line num="108" count="5" type="cond" truecount="2" falsecount="0"/>
      <line num="109" count="4" type="cond" truecount="2" falsecount="0"/>
      <line num="111" count="8" type="stmt"/>
      <line num="112" count="8" type="stmt"/>
      <line num="115" count="8" type="stmt"/>
      <line num="118" count="8" type="stmt"/>
      <line num="119" count="8" type="stmt"/>
      <line num="120" count="8" type="stmt"/>
      <line num="122" count="8" type="stmt"/>
      <line num="123" count="8" type="stmt"/>
      <line num="124" count="8" type="cond" truecount="2" falsecount="0"/>
      <line num="125" count="1" type="stmt"/>
      <line num="126" count="1" type="stmt"/>
      <line num="129" count="8" type="stmt"/>
      <line num="130" count="8" type="stmt"/>
      <line num="132" count="8" type="stmt"/>
    </file>
  </project>
</coverage>
