{"D:\\Challenge_3\\Carbon_fooprint-1\\utils.js": {"path":"D:\\Challenge_3\\Carbon_fooprint-1\\utils.js","statementMap":{"0":{"start":{"line":9,"column":4},"end":{"line":9,"column":66}},"1":{"start":{"line":9,"column":25},"end":{"line":9,"column":65}},"2":{"start":{"line":10,"column":4},"end":{"line":10,"column":66}},"3":{"start":{"line":10,"column":25},"end":{"line":10,"column":65}},"4":{"start":{"line":11,"column":4},"end":{"line":11,"column":67}},"5":{"start":{"line":11,"column":26},"end":{"line":11,"column":66}},"6":{"start":{"line":12,"column":4},"end":{"line":12,"column":67}},"7":{"start":{"line":12,"column":26},"end":{"line":12,"column":66}},"8":{"start":{"line":13,"column":4},"end":{"line":13,"column":44}},"9":{"start":{"line":23,"column":20},"end":{"line":23,"column":24}},"10":{"start":{"line":24,"column":4},"end":{"line":28,"column":59}},"11":{"start":{"line":24,"column":45},"end":{"line":24,"column":62}},"12":{"start":{"line":25,"column":9},"end":{"line":28,"column":59}},"13":{"start":{"line":25,"column":44},"end":{"line":25,"column":61}},"14":{"start":{"line":26,"column":9},"end":{"line":28,"column":59}},"15":{"start":{"line":26,"column":44},"end":{"line":26,"column":61}},"16":{"start":{"line":27,"column":9},"end":{"line":28,"column":59}},"17":{"start":{"line":27,"column":40},"end":{"line":27,"column":57}},"18":{"start":{"line":28,"column":9},"end":{"line":28,"column":59}},"19":{"start":{"line":28,"column":42},"end":{"line":28,"column":58}},"20":{"start":{"line":30,"column":19},"end":{"line":30,"column":61}},"21":{"start":{"line":31,"column":22},"end":{"line":31,"column":51}},"22":{"start":{"line":32,"column":31},"end":{"line":32,"column":74}},"23":{"start":{"line":34,"column":27},"end":{"line":34,"column":66}},"24":{"start":{"line":38,"column":27},"end":{"line":38,"column":64}},"25":{"start":{"line":40,"column":26},"end":{"line":40,"column":51}},"26":{"start":{"line":41,"column":27},"end":{"line":41,"column":79}},"27":{"start":{"line":44,"column":22},"end":{"line":44,"column":51}},"28":{"start":{"line":45,"column":19},"end":{"line":45,"column":43}},"29":{"start":{"line":48,"column":24},"end":{"line":48,"column":69}},"30":{"start":{"line":51,"column":19},"end":{"line":51,"column":22}},"31":{"start":{"line":52,"column":4},"end":{"line":55,"column":56}},"32":{"start":{"line":52,"column":40},"end":{"line":52,"column":55}},"33":{"start":{"line":53,"column":9},"end":{"line":55,"column":56}},"34":{"start":{"line":53,"column":43},"end":{"line":53,"column":58}},"35":{"start":{"line":54,"column":9},"end":{"line":55,"column":56}},"36":{"start":{"line":54,"column":45},"end":{"line":54,"column":60}},"37":{"start":{"line":55,"column":9},"end":{"line":55,"column":56}},"38":{"start":{"line":55,"column":40},"end":{"line":55,"column":55}},"39":{"start":{"line":57,"column":23},"end":{"line":57,"column":26}},"40":{"start":{"line":58,"column":4},"end":{"line":60,"column":65}},"41":{"start":{"line":58,"column":39},"end":{"line":58,"column":59}},"42":{"start":{"line":59,"column":9},"end":{"line":60,"column":65}},"43":{"start":{"line":59,"column":46},"end":{"line":59,"column":66}},"44":{"start":{"line":60,"column":9},"end":{"line":60,"column":65}},"45":{"start":{"line":60,"column":44},"end":{"line":60,"column":64}},"46":{"start":{"line":62,"column":23},"end":{"line":62,"column":26}},"47":{"start":{"line":63,"column":4},"end":{"line":64,"column":67}},"48":{"start":{"line":63,"column":41},"end":{"line":63,"column":62}},"49":{"start":{"line":64,"column":9},"end":{"line":64,"column":67}},"50":{"start":{"line":64,"column":46},"end":{"line":64,"column":66}},"51":{"start":{"line":66,"column":22},"end":{"line":66,"column":75}},"52":{"start":{"line":69,"column":23},"end":{"line":69,"column":26}},"53":{"start":{"line":70,"column":4},"end":{"line":71,"column":64}},"54":{"start":{"line":70,"column":41},"end":{"line":70,"column":60}},"55":{"start":{"line":71,"column":9},"end":{"line":71,"column":64}},"56":{"start":{"line":71,"column":44},"end":{"line":71,"column":63}},"57":{"start":{"line":73,"column":24},"end":{"line":73,"column":29}},"58":{"start":{"line":74,"column":4},"end":{"line":75,"column":65}},"59":{"start":{"line":74,"column":39},"end":{"line":74,"column":60}},"60":{"start":{"line":75,"column":9},"end":{"line":75,"column":65}},"61":{"start":{"line":75,"column":44},"end":{"line":75,"column":64}},"62":{"start":{"line":77,"column":24},"end":{"line":77,"column":28}},"63":{"start":{"line":78,"column":4},"end":{"line":78,"column":58}},"64":{"start":{"line":78,"column":36},"end":{"line":78,"column":57}},"65":{"start":{"line":80,"column":23},"end":{"line":80,"column":82}},"66":{"start":{"line":83,"column":18},"end":{"line":83,"column":96}},"67":{"start":{"line":85,"column":4},"end":{"line":91,"column":6}},"68":{"start":{"line":101,"column":20},"end":{"line":101,"column":40}},"69":{"start":{"line":104,"column":20},"end":{"line":104,"column":24}},"70":{"start":{"line":105,"column":4},"end":{"line":109,"column":59}},"71":{"start":{"line":105,"column":45},"end":{"line":105,"column":62}},"72":{"start":{"line":106,"column":9},"end":{"line":109,"column":59}},"73":{"start":{"line":106,"column":44},"end":{"line":106,"column":61}},"74":{"start":{"line":107,"column":9},"end":{"line":109,"column":59}},"75":{"start":{"line":107,"column":44},"end":{"line":107,"column":61}},"76":{"start":{"line":108,"column":9},"end":{"line":109,"column":59}},"77":{"start":{"line":108,"column":40},"end":{"line":108,"column":57}},"78":{"start":{"line":109,"column":9},"end":{"line":109,"column":59}},"79":{"start":{"line":109,"column":42},"end":{"line":109,"column":58}},"80":{"start":{"line":111,"column":27},"end":{"line":111,"column":69}},"81":{"start":{"line":112,"column":26},"end":{"line":112,"column":78}},"82":{"start":{"line":115,"column":27},"end":{"line":115,"column":75}},"83":{"start":{"line":118,"column":27},"end":{"line":118,"column":64}},"84":{"start":{"line":119,"column":26},"end":{"line":119,"column":51}},"85":{"start":{"line":120,"column":35},"end":{"line":120,"column":107}},"86":{"start":{"line":122,"column":28},"end":{"line":122,"column":60}},"87":{"start":{"line":123,"column":27},"end":{"line":123,"column":28}},"88":{"start":{"line":124,"column":4},"end":{"line":127,"column":5}},"89":{"start":{"line":125,"column":40},"end":{"line":125,"column":114}},"90":{"start":{"line":126,"column":8},"end":{"line":126,"column":76}},"91":{"start":{"line":129,"column":25},"end":{"line":129,"column":99}},"92":{"start":{"line":130,"column":25},"end":{"line":130,"column":98}},"93":{"start":{"line":132,"column":4},"end":{"line":138,"column":6}}},"fnMap":{"0":{"name":"getCarbonGrade","decl":{"start":{"line":8,"column":9},"end":{"line":8,"column":23}},"loc":{"start":{"line":8,"column":34},"end":{"line":14,"column":1}},"line":8},"1":{"name":"calculateEmissions","decl":{"start":{"line":21,"column":9},"end":{"line":21,"column":27}},"loc":{"start":{"line":21,"column":37},"end":{"line":92,"column":1}},"line":21},"2":{"name":"calculateSimulatorSavings","decl":{"start":{"line":100,"column":9},"end":{"line":100,"column":34}},"loc":{"start":{"line":100,"column":65},"end":{"line":139,"column":1}},"line":100}},"branchMap":{"0":{"loc":{"start":{"line":9,"column":4},"end":{"line":9,"column":66}},"type":"if","locations":[{"start":{"line":9,"column":4},"end":{"line":9,"column":66}},{"start":{},"end":{}}],"line":9},"1":{"loc":{"start":{"line":10,"column":4},"end":{"line":10,"column":66}},"type":"if","locations":[{"start":{"line":10,"column":4},"end":{"line":10,"column":66}},{"start":{},"end":{}}],"line":10},"2":{"loc":{"start":{"line":11,"column":4},"end":{"line":11,"column":67}},"type":"if","locations":[{"start":{"line":11,"column":4},"end":{"line":11,"column":67}},{"start":{},"end":{}}],"line":11},"3":{"loc":{"start":{"line":12,"column":4},"end":{"line":12,"column":67}},"type":"if","locations":[{"start":{"line":12,"column":4},"end":{"line":12,"column":67}},{"start":{},"end":{}}],"line":12},"4":{"loc":{"start":{"line":24,"column":4},"end":{"line":28,"column":59}},"type":"if","locations":[{"start":{"line":24,"column":4},"end":{"line":28,"column":59}},{"start":{"line":25,"column":9},"end":{"line":28,"column":59}}],"line":24},"5":{"loc":{"start":{"line":25,"column":9},"end":{"line":28,"column":59}},"type":"if","locations":[{"start":{"line":25,"column":9},"end":{"line":28,"column":59}},{"start":{"line":26,"column":9},"end":{"line":28,"column":59}}],"line":25},"6":{"loc":{"start":{"line":26,"column":9},"end":{"line":28,"column":59}},"type":"if","locations":[{"start":{"line":26,"column":9},"end":{"line":28,"column":59}},{"start":{"line":27,"column":9},"end":{"line":28,"column":59}}],"line":26},"7":{"loc":{"start":{"line":27,"column":9},"end":{"line":28,"column":59}},"type":"if","locations":[{"start":{"line":27,"column":9},"end":{"line":28,"column":59}},{"start":{"line":28,"column":9},"end":{"line":28,"column":59}}],"line":27},"8":{"loc":{"start":{"line":28,"column":9},"end":{"line":28,"column":59}},"type":"if","locations":[{"start":{"line":28,"column":9},"end":{"line":28,"column":59}},{"start":{},"end":{}}],"line":28},"9":{"loc":{"start":{"line":52,"column":4},"end":{"line":55,"column":56}},"type":"if","locations":[{"start":{"line":52,"column":4},"end":{"line":55,"column":56}},{"start":{"line":53,"column":9},"end":{"line":55,"column":56}}],"line":52},"10":{"loc":{"start":{"line":53,"column":9},"end":{"line":55,"column":56}},"type":"if","locations":[{"start":{"line":53,"column":9},"end":{"line":55,"column":56}},{"start":{"line":54,"column":9},"end":{"line":55,"column":56}}],"line":53},"11":{"loc":{"start":{"line":54,"column":9},"end":{"line":55,"column":56}},"type":"if","locations":[{"start":{"line":54,"column":9},"end":{"line":55,"column":56}},{"start":{"line":55,"column":9},"end":{"line":55,"column":56}}],"line":54},"12":{"loc":{"start":{"line":55,"column":9},"end":{"line":55,"column":56}},"type":"if","locations":[{"start":{"line":55,"column":9},"end":{"line":55,"column":56}},{"start":{},"end":{}}],"line":55},"13":{"loc":{"start":{"line":58,"column":4},"end":{"line":60,"column":65}},"type":"if","locations":[{"start":{"line":58,"column":4},"end":{"line":60,"column":65}},{"start":{"line":59,"column":9},"end":{"line":60,"column":65}}],"line":58},"14":{"loc":{"start":{"line":59,"column":9},"end":{"line":60,"column":65}},"type":"if","locations":[{"start":{"line":59,"column":9},"end":{"line":60,"column":65}},{"start":{"line":60,"column":9},"end":{"line":60,"column":65}}],"line":59},"15":{"loc":{"start":{"line":60,"column":9},"end":{"line":60,"column":65}},"type":"if","locations":[{"start":{"line":60,"column":9},"end":{"line":60,"column":65}},{"start":{},"end":{}}],"line":60},"16":{"loc":{"start":{"line":63,"column":4},"end":{"line":64,"column":67}},"type":"if","locations":[{"start":{"line":63,"column":4},"end":{"line":64,"column":67}},{"start":{"line":64,"column":9},"end":{"line":64,"column":67}}],"line":63},"17":{"loc":{"start":{"line":64,"column":9},"end":{"line":64,"column":67}},"type":"if","locations":[{"start":{"line":64,"column":9},"end":{"line":64,"column":67}},{"start":{},"end":{}}],"line":64},"18":{"loc":{"start":{"line":70,"column":4},"end":{"line":71,"column":64}},"type":"if","locations":[{"start":{"line":70,"column":4},"end":{"line":71,"column":64}},{"start":{"line":71,"column":9},"end":{"line":71,"column":64}}],"line":70},"19":{"loc":{"start":{"line":71,"column":9},"end":{"line":71,"column":64}},"type":"if","locations":[{"start":{"line":71,"column":9},"end":{"line":71,"column":64}},{"start":{},"end":{}}],"line":71},"20":{"loc":{"start":{"line":74,"column":4},"end":{"line":75,"column":65}},"type":"if","locations":[{"start":{"line":74,"column":4},"end":{"line":75,"column":65}},{"start":{"line":75,"column":9},"end":{"line":75,"column":65}}],"line":74},"21":{"loc":{"start":{"line":75,"column":9},"end":{"line":75,"column":65}},"type":"if","locations":[{"start":{"line":75,"column":9},"end":{"line":75,"column":65}},{"start":{},"end":{}}],"line":75},"22":{"loc":{"start":{"line":78,"column":4},"end":{"line":78,"column":58}},"type":"if","locations":[{"start":{"line":78,"column":4},"end":{"line":78,"column":58}},{"start":{},"end":{}}],"line":78},"23":{"loc":{"start":{"line":105,"column":4},"end":{"line":109,"column":59}},"type":"if","locations":[{"start":{"line":105,"column":4},"end":{"line":109,"column":59}},{"start":{"line":106,"column":9},"end":{"line":109,"column":59}}],"line":105},"24":{"loc":{"start":{"line":106,"column":9},"end":{"line":109,"column":59}},"type":"if","locations":[{"start":{"line":106,"column":9},"end":{"line":109,"column":59}},{"start":{"line":107,"column":9},"end":{"line":109,"column":59}}],"line":106},"25":{"loc":{"start":{"line":107,"column":9},"end":{"line":109,"column":59}},"type":"if","locations":[{"start":{"line":107,"column":9},"end":{"line":109,"column":59}},{"start":{"line":108,"column":9},"end":{"line":109,"column":59}}],"line":107},"26":{"loc":{"start":{"line":108,"column":9},"end":{"line":109,"column":59}},"type":"if","locations":[{"start":{"line":108,"column":9},"end":{"line":109,"column":59}},{"start":{"line":109,"column":9},"end":{"line":109,"column":59}}],"line":108},"27":{"loc":{"start":{"line":109,"column":9},"end":{"line":109,"column":59}},"type":"if","locations":[{"start":{"line":109,"column":9},"end":{"line":109,"column":59}},{"start":{},"end":{}}],"line":109},"28":{"loc":{"start":{"line":124,"column":4},"end":{"line":127,"column":5}},"type":"if","locations":[{"start":{"line":124,"column":4},"end":{"line":127,"column":5}},{"start":{},"end":{}}],"line":124}},"s":{"0":10,"1":2,"2":8,"3":2,"4":6,"5":2,"6":4,"7":2,"8":2,"9":21,"10":21,"11":1,"12":20,"13":1,"14":19,"15":2,"16":17,"17":1,"18":16,"19":15,"20":21,"21":21,"22":21,"23":21,"24":21,"25":21,"26":21,"27":21,"28":21,"29":21,"30":21,"31":21,"32":1,"33":20,"34":1,"35":19,"36":1,"37":18,"38":3,"39":21,"40":21,"41":3,"42":18,"43":1,"44":17,"45":1,"46":21,"47":21,"48":3,"49":18,"50":1,"51":21,"52":21,"53":21,"54":3,"55":18,"56":1,"57":21,"58":21,"59":4,"60":17,"61":1,"62":21,"63":21,"64":2,"65":21,"66":21,"67":21,"68":8,"69":8,"70":8,"71":1,"72":7,"73":1,"74":6,"75":1,"76":5,"77":1,"78":4,"79":1,"80":8,"81":8,"82":8,"83":8,"84":8,"85":8,"86":8,"87":8,"88":8,"89":1,"90":1,"91":8,"92":8,"93":8},"f":{"0":10,"1":21,"2":8},"b":{"0":[2,8],"1":[2,6],"2":[2,4],"3":[2,2],"4":[1,20],"5":[1,19],"6":[2,17],"7":[1,16],"8":[15,1],"9":[1,20],"10":[1,19],"11":[1,18],"12":[3,15],"13":[3,18],"14":[1,17],"15":[1,16],"16":[3,18],"17":[1,17],"18":[3,18],"19":[1,17],"20":[4,17],"21":[1,16],"22":[2,19],"23":[1,7],"24":[1,6],"25":[1,5],"26":[1,4],"27":[1,3],"28":[1,7]},"_coverageSchema":"1a1c01bbd47fc00a2c39e90264f33305004495a9","hash":"ec2f6d6bc14203a63eece0abd87400a2e8da40ee"}
}
