TN:
SF:utils.js
FN:8,getCarbonGrade
FN:21,calculateEmissions
FN:100,calculateSimulatorSavings
FNF:3
FNH:3
FNDA:10,getCarbonGrade
FNDA:21,calculateEmissions
FNDA:8,calculateSimulatorSavings
DA:9,10
DA:10,8
DA:11,6
DA:12,4
DA:13,2
DA:23,21
DA:24,21
DA:25,20
DA:26,19
DA:27,17
DA:28,16
DA:30,21
DA:31,21
DA:32,21
DA:34,21
DA:38,21
DA:40,21
DA:41,21
DA:44,21
DA:45,21
DA:48,21
DA:51,21
DA:52,21
DA:53,20
DA:54,19
DA:55,18
DA:57,21
DA:58,21
DA:59,18
DA:60,17
DA:62,21
DA:63,21
DA:64,18
DA:66,21
DA:69,21
DA:70,21
DA:71,18
DA:73,21
DA:74,21
DA:75,17
DA:77,21
DA:78,21
DA:80,21
DA:83,21
DA:85,21
DA:101,8
DA:104,8
DA:105,8
DA:106,7
DA:107,6
DA:108,5
DA:109,4
DA:111,8
DA:112,8
DA:115,8
DA:118,8
DA:119,8
DA:120,8
DA:122,8
DA:123,8
DA:124,8
DA:125,1
DA:126,1
DA:129,8
DA:130,8
DA:132,8
LF:66
LH:66
BRDA:9,0,0,2
BRDA:9,0,1,8
BRDA:10,1,0,2
BRDA:10,1,1,6
BRDA:11,2,0,2
BRDA:11,2,1,4
BRDA:12,3,0,2
BRDA:12,3,1,2
BRDA:24,4,0,1
BRDA:24,4,1,20
BRDA:25,5,0,1
BRDA:25,5,1,19
BRDA:26,6,0,2
BRDA:26,6,1,17
BRDA:27,7,0,1
BRDA:27,7,1,16
BRDA:28,8,0,15
BRDA:28,8,1,1
BRDA:52,9,0,1
BRDA:52,9,1,20
BRDA:53,10,0,1
BRDA:53,10,1,19
BRDA:54,11,0,1
BRDA:54,11,1,18
BRDA:55,12,0,3
BRDA:55,12,1,15
BRDA:58,13,0,3
BRDA:58,13,1,18
BRDA:59,14,0,1
BRDA:59,14,1,17
BRDA:60,15,0,1
BRDA:60,15,1,16
BRDA:63,16,0,3
BRDA:63,16,1,18
BRDA:64,17,0,1
BRDA:64,17,1,17
BRDA:70,18,0,3
BRDA:70,18,1,18
BRDA:71,19,0,1
BRDA:71,19,1,17
BRDA:74,20,0,4
BRDA:74,20,1,17
BRDA:75,21,0,1
BRDA:75,21,1,16
BRDA:78,22,0,2
BRDA:78,22,1,19
BRDA:105,23,0,1
BRDA:105,23,1,7
BRDA:106,24,0,1
BRDA:106,24,1,6
BRDA:107,25,0,1
BRDA:107,25,1,5
BRDA:108,26,0,1
BRDA:108,26,1,4
BRDA:109,27,0,1
BRDA:109,27,1,3
BRDA:124,28,0,1
BRDA:124,28,1,7
BRF:58
BRH:58
end_of_record
